<?xml version="1.0" encoding="UTF-8"?>
<!-- Generated by org.testng.reporters.JUnitReportReporter -->
<testsuite hostname="LAPTOP-CJ1P4A3I" failures="0" tests="1" name="ABPNews_live.StoryCard1" time="69.521" errors="0" timestamp="2022-02-17T15:36:30 IST" skipped="0">
  <testcase classname="ABPNews_live.StoryCard1" name="storycard1" time="69.521"/>
  <system-out/>
</testsuite> <!-- ABPNews_live.StoryCard1 -->
