<?xml version="1.0" encoding="UTF-8"?>
<!-- Generated by org.testng.reporters.JUnitReportReporter -->
<testsuite hostname="LAPTOP-CJ1P4A3I" failures="0" tests="1" name="ABPNews_live.Jio" time="18.155" errors="0" timestamp="2022-02-08T11:40:56 IST" skipped="0">
  <testcase classname="ABPNews_live.Jio" name="launchapp" time="18.155"/>
  <system-out/>
</testsuite> <!-- ABPNews_live.Jio -->
