<?xml version="1.0" encoding="UTF-8"?>
<!-- Generated by org.testng.reporters.JUnitReportReporter -->
<testsuite hostname="LAPTOP-CJ1P4A3I" failures="0" tests="1" name="ABPNews_live.WebStoriesViewAll" time="35.910" errors="1" timestamp="2022-02-02T23:15:31 IST" skipped="0">
  <testcase classname="ABPNews_live.WebStoriesViewAll" name="webstories" time="35.910">
    <error message="Swipe action cannot be performed (WARNING: The server did not provide any stacktrace information)
Command duration or timeout: 2.16 seconds
Build info: version: &#039;2.53.1&#039;, revision: &#039;a36b8b1cd5757287168e54b817830adce9b0158d&#039;, time: &#039;2016-06-30 19:26:09&#039;
System info: host: &#039;LAPTOP-CJ1P4A3I&#039;, ip: &#039;192.168.101.6&#039;, os.name: &#039;Windows 10&#039;, os.arch: &#039;amd64&#039;, os.version: &#039;10.0&#039;, java.version: &#039;15.0.1&#039;
Driver info: io.appium.java_client.android.AndroidDriver
Capabilities [{appPackage=com.winit.starnews.hin, deviceScreenSize=1080x2280, networkConnectionEnabled=true, statBarHeight=135, warnings={}, viewportRect={top=135, left=0, width=1080, height=1842}, databaseEnabled=false, deviceName=emulator-5554, platform=LINUX, deviceUDID=emulator-5554, appActivity=.activities.Welcome, desired={appPackage=com.winit.starnews.hin, appActivity=.activities.Welcome, automationName=Appium, platformName=Android}, platformVersion=9, pixelRatio=2.75, webStorageEnabled=false, locationContextEnabled=false, automationName=Appium, takesScreenshot=true, javascriptEnabled=true, deviceScreenDensity=440, deviceModel=AOSP on IA Emulator, platformName=Android, deviceApiLevel=28, deviceManufacturer=Google}]
Session ID: b026c5a6-800d-4386-a665-72b6faa00b55" type="org.openqa.selenium.InvalidElementStateException">
      <![CDATA[org.openqa.selenium.InvalidElementStateException: Swipe action cannot be performed (WARNING: The server did not provide any stacktrace information)
Command duration or timeout: 2.16 seconds
Build info: version: '2.53.1', revision: 'a36b8b1cd5757287168e54b817830adce9b0158d', time: '2016-06-30 19:26:09'
System info: host: 'LAPTOP-CJ1P4A3I', ip: '192.168.101.6', os.name: 'Windows 10', os.arch: 'amd64', os.version: '10.0', java.version: '15.0.1'
Driver info: io.appium.java_client.android.AndroidDriver
Capabilities [{appPackage=com.winit.starnews.hin, deviceScreenSize=1080x2280, networkConnectionEnabled=true, statBarHeight=135, warnings={}, viewportRect={top=135, left=0, width=1080, height=1842}, databaseEnabled=false, deviceName=emulator-5554, platform=LINUX, deviceUDID=emulator-5554, appActivity=.activities.Welcome, desired={appPackage=com.winit.starnews.hin, appActivity=.activities.Welcome, automationName=Appium, platformName=Android}, platformVersion=9, pixelRatio=2.75, webStorageEnabled=false, locationContextEnabled=false, automationName=Appium, takesScreenshot=true, javascriptEnabled=true, deviceScreenDensity=440, deviceModel=AOSP on IA Emulator, platformName=Android, deviceApiLevel=28, deviceManufacturer=Google}]
Session ID: b026c5a6-800d-4386-a665-72b6faa00b55
at java.base/jdk.internal.reflect.NativeConstructorAccessorImpl.newInstance0(Native Method)
at java.base/jdk.internal.reflect.NativeConstructorAccessorImpl.newInstance(NativeConstructorAccessorImpl.java:64)
at java.base/jdk.internal.reflect.DelegatingConstructorAccessorImpl.newInstance(DelegatingConstructorAccessorImpl.java:45)
at java.base/java.lang.reflect.Constructor.newInstanceWithCaller(Constructor.java:500)
at java.base/java.lang.reflect.Constructor.newInstance(Constructor.java:481)
at org.openqa.selenium.remote.ErrorHandler.createThrowable(ErrorHandler.java:206)
at org.openqa.selenium.remote.ErrorHandler.throwIfResponseFailed(ErrorHandler.java:158)
at org.openqa.selenium.remote.RemoteWebDriver.execute(RemoteWebDriver.java:678)
at io.appium.java_client.DefaultGenericMobileDriver.execute(DefaultGenericMobileDriver.java:40)
at io.appium.java_client.AppiumDriver.execute(AppiumDriver.java:1)
at io.appium.java_client.android.AndroidDriver.execute(AndroidDriver.java:1)
at io.appium.java_client.AppiumDriver.performTouchAction(AppiumDriver.java:336)
at io.appium.java_client.TouchAction.perform(TouchAction.java:323)
at io.appium.java_client.AppiumDriver.doSwipe(AppiumDriver.java:383)
at io.appium.java_client.android.AndroidDriver.swipe(AndroidDriver.java:186)
at ABPNews_live.WebStoriesViewAll.webstories(WebStoriesViewAll.java:40)
at java.base/jdk.internal.reflect.NativeMethodAccessorImpl.invoke0(Native Method)
at java.base/jdk.internal.reflect.NativeMethodAccessorImpl.invoke(NativeMethodAccessorImpl.java:64)
at java.base/jdk.internal.reflect.DelegatingMethodAccessorImpl.invoke(DelegatingMethodAccessorImpl.java:43)
at java.base/java.lang.reflect.Method.invoke(Method.java:564)
at org.testng.internal.MethodInvocationHelper.invokeMethod(MethodInvocationHelper.java:133)
at org.testng.internal.TestInvoker.invokeMethod(TestInvoker.java:598)
at org.testng.internal.TestInvoker.invokeTestMethod(TestInvoker.java:173)
at org.testng.internal.MethodRunner.runInSequence(MethodRunner.java:46)
at org.testng.internal.TestInvoker$MethodInvocationAgent.invoke(TestInvoker.java:824)
at org.testng.internal.TestInvoker.invokeTestMethods(TestInvoker.java:146)
at org.testng.internal.TestMethodWorker.invokeTestMethods(TestMethodWorker.java:146)
at org.testng.internal.TestMethodWorker.run(TestMethodWorker.java:128)
at java.base/java.util.ArrayList.forEach(ArrayList.java:1511)
at org.testng.TestRunner.privateRun(TestRunner.java:794)
at org.testng.TestRunner.run(TestRunner.java:596)
at org.testng.SuiteRunner.runTest(SuiteRunner.java:377)
at org.testng.SuiteRunner.runSequentially(SuiteRunner.java:371)
at org.testng.SuiteRunner.privateRun(SuiteRunner.java:332)
at org.testng.SuiteRunner.run(SuiteRunner.java:276)
at org.testng.SuiteRunnerWorker.runSuite(SuiteRunnerWorker.java:53)
at org.testng.SuiteRunnerWorker.run(SuiteRunnerWorker.java:96)
at org.testng.TestNG.runSuitesSequentially(TestNG.java:1212)
at org.testng.TestNG.runSuitesLocally(TestNG.java:1134)
at org.testng.TestNG.runSuites(TestNG.java:1063)
at org.testng.TestNG.run(TestNG.java:1031)
at org.testng.remote.AbstractRemoteTestNG.run(AbstractRemoteTestNG.java:115)
at org.testng.remote.RemoteTestNG.initAndRun(RemoteTestNG.java:251)
at org.testng.remote.RemoteTestNG.main(RemoteTestNG.java:77)
]]>
    </error>
  </testcase> <!-- webstories -->
  <system-out/>
</testsuite> <!-- ABPNews_live.WebStoriesViewAll -->
