<?xml version="1.0" encoding="UTF-8"?>
<!-- Generated by org.testng.reporters.JUnitReportReporter -->
<testsuite hostname="LAPTOP-CJ1P4A3I" failures="0" tests="1" name="ABPNews_live.ViewAll" time="289.240" errors="0" timestamp="2022-02-17T12:58:14 IST" skipped="0">
  <testcase classname="ABPNews_live.ViewAll" name="demo" time="289.240"/>
  <system-out/>
</testsuite> <!-- ABPNews_live.ViewAll -->
