<?xml version="1.0" encoding="UTF-8"?>
<!-- Generated by org.testng.reporters.JUnitReportReporter -->
<testsuite hostname="LAPTOP-CJ1P4A3I" failures="0" tests="1" name="ABPNews_live.LiveTvBottomBar" time="154.012" errors="0" timestamp="2022-02-07T14:48:27 IST" skipped="0">
  <testcase classname="ABPNews_live.LiveTvBottomBar" name="livetvbottom" time="154.012"/>
  <system-out/>
</testsuite> <!-- ABPNews_live.LiveTvBottomBar -->
